<?xml version="1.0" encoding="UTF-8" ?>
<testsuite tests="16" failures="0" name="com.ashraf.primeveraxereditor.XERDataTest" time="0.005" errors="0" skipped="0">
  <properties>
    <property name="java.runtime.name" value="OpenJDK Runtime Environment"/>
    <property name="java.vm.version" value="11.0.8+10"/>
    <property name="sun.boot.library.path" value="/app/jdk/lib"/>
    <property name="maven.multiModuleProjectDirectory" value="/home/ashraf/Workspace/TASK/PrimeveraXEREditor"/>
    <property name="java.vm.vendor" value="Flathub"/>
    <property name="java.vendor.url" value="https://flathub.org"/>
    <property name="guice.disable.misplaced.annotation.check" value="true"/>
    <property name="path.separator" value=":"/>
    <property name="java.vm.name" value="OpenJDK 64-Bit Server VM"/>
    <property name="sun.os.patch.level" value="unknown"/>
    <property name="user.country" value="US"/>
    <property name="sun.java.launcher" value="SUN_STANDARD"/>
    <property name="java.vm.specification.name" value="Java Virtual Machine Specification"/>
    <property name="user.dir" value="/home/ashraf/Workspace/TASK/PrimeveraXEREditor"/>
    <property name="java.vm.compressedOopsMode" value="Zero based"/>
    <property name="java.runtime.version" value="11.0.8+10"/>
    <property name="java.awt.graphicsenv" value="sun.awt.X11GraphicsEnvironment"/>
    <property name="os.arch" value="amd64"/>
    <property name="java.io.tmpdir" value="/tmp"/>
    <property name="line.separator" value="
"/>
    <property name="java.vm.specification.vendor" value="Oracle Corporation"/>
    <property name="os.name" value="Linux"/>
    <property name="maven.ext.class.path" value="/app/netbeans/java/maven-nblib/netbeans-eventspy.jar"/>
    <property name="classworlds.conf" value="/app/netbeans/java/maven/bin/m2.conf"/>
    <property name="sun.jnu.encoding" value="UTF-8"/>
    <property name="java.library.path" value="/usr/java/packages/lib:/usr/lib64:/lib64:/lib:/usr/lib"/>
    <property name="maven.conf" value="/app/netbeans/java/maven/conf"/>
    <property name="jdk.debug" value="release"/>
    <property name="java.class.version" value="55.0"/>
    <property name="java.specification.name" value="Java Platform API Specification"/>
    <property name="sun.management.compiler" value="HotSpot 64-Bit Tiered Compilers"/>
    <property name="os.version" value="5.9.16-1-MANJARO"/>
    <property name="library.jansi.path" value="/app/netbeans/java/maven/lib/jansi-native"/>
    <property name="user.home" value="/home/ashraf"/>
    <property name="user.timezone" value="Europe/Berlin"/>
    <property name="java.awt.printerjob" value="sun.print.PSPrinterJob"/>
    <property name="file.encoding" value="UTF-8"/>
    <property name="java.specification.version" value="11"/>
    <property name="user.name" value="ashraf"/>
    <property name="java.class.path" value="/app/netbeans/java/maven/boot/plexus-classworlds-2.6.0.jar"/>
    <property name="java.vm.specification.version" value="11"/>
    <property name="sun.arch.data.model" value="64"/>
    <property name="sun.java.command" value="org.codehaus.plexus.classworlds.launcher.Launcher -Dmaven.ext.class.path=/app/netbeans/java/maven-nblib/netbeans-eventspy.jar clean install"/>
    <property name="java.home" value="/app/jdk"/>
    <property name="user.language" value="en"/>
    <property name="java.specification.vendor" value="Oracle Corporation"/>
    <property name="awt.toolkit" value="sun.awt.X11.XToolkit"/>
    <property name="java.vm.info" value="mixed mode"/>
    <property name="java.version" value="11.0.8"/>
    <property name="securerandom.source" value="file:/dev/./urandom"/>
    <property name="java.vendor" value="Flathub"/>
    <property name="maven.home" value="/app/netbeans/java/maven"/>
    <property name="file.separator" value="/"/>
    <property name="java.version.date" value="2020-07-14"/>
    <property name="java.vendor.url.bug" value="https://bugreport.java.com/bugreport/"/>
    <property name="sun.io.unicode.encoding" value="UnicodeLittle"/>
    <property name="sun.cpu.endian" value="little"/>
    <property name="java.vendor.version" value="18.9"/>
    <property name="sun.cpu.isalist" value=""/>
  </properties>
  <testcase classname="com.ashraf.primeveraxereditor.XERDataTest" name="com.ashraf.primeveraxereditor.XERDataTest.testSetActivityID" time="0.005"/>
  <testcase classname="com.ashraf.primeveraxereditor.XERDataTest" name="com.ashraf.primeveraxereditor.XERDataTest.testGetWBS" time="0"/>
  <testcase classname="com.ashraf.primeveraxereditor.XERDataTest" name="com.ashraf.primeveraxereditor.XERDataTest.testSetWBS" time="0"/>
  <testcase classname="com.ashraf.primeveraxereditor.XERDataTest" name="com.ashraf.primeveraxereditor.XERDataTest.testGetTaskName" time="0"/>
  <testcase classname="com.ashraf.primeveraxereditor.XERDataTest" name="com.ashraf.primeveraxereditor.XERDataTest.testSetTaskName" time="0"/>
  <testcase classname="com.ashraf.primeveraxereditor.XERDataTest" name="com.ashraf.primeveraxereditor.XERDataTest.testGetStartDate" time="0"/>
  <testcase classname="com.ashraf.primeveraxereditor.XERDataTest" name="com.ashraf.primeveraxereditor.XERDataTest.testSetStartDate" time="0"/>
  <testcase classname="com.ashraf.primeveraxereditor.XERDataTest" name="com.ashraf.primeveraxereditor.XERDataTest.testGetEndDate" time="0"/>
  <testcase classname="com.ashraf.primeveraxereditor.XERDataTest" name="com.ashraf.primeveraxereditor.XERDataTest.testSetEndDate" time="0"/>
  <testcase classname="com.ashraf.primeveraxereditor.XERDataTest" name="com.ashraf.primeveraxereditor.XERDataTest.testGetPredecessor" time="0"/>
  <testcase classname="com.ashraf.primeveraxereditor.XERDataTest" name="com.ashraf.primeveraxereditor.XERDataTest.testSetPredecessor" time="0"/>
  <testcase classname="com.ashraf.primeveraxereditor.XERDataTest" name="com.ashraf.primeveraxereditor.XERDataTest.testGetSuccessor" time="0"/>
  <testcase classname="com.ashraf.primeveraxereditor.XERDataTest" name="com.ashraf.primeveraxereditor.XERDataTest.testSetSuccessor" time="0"/>
  <testcase classname="com.ashraf.primeveraxereditor.XERDataTest" name="com.ashraf.primeveraxereditor.XERDataTest.testSetUniqueID" time="0"/>
  <testcase classname="com.ashraf.primeveraxereditor.XERDataTest" name="com.ashraf.primeveraxereditor.XERDataTest.testGetUniqueID" time="0"/>
  <testcase classname="com.ashraf.primeveraxereditor.XERDataTest" name="com.ashraf.primeveraxereditor.XERDataTest.testGetActivityID" time="0"/>
</testsuite>